[debug] [2023-11-22T12:57:44.965Z] ----------------------------------------------------------------------
[debug] [2023-11-22T12:57:44.967Z] Command:       C:\Program Files\nodejs\node.exe C:\Users\astit\AppData\Roaming\npm\node_modules\firebase-tools\lib\bin\firebase.js apps:create android chatapp (android) --package-name=com.example.chatapp --json --project=chatapp-a362e
[debug] [2023-11-22T12:57:44.968Z] CLI Version:   12.9.1
[debug] [2023-11-22T12:57:44.968Z] Platform:      win32
[debug] [2023-11-22T12:57:44.968Z] Node Version:  v18.12.1
[debug] [2023-11-22T12:57:44.969Z] Time:          Wed Nov 22 2023 18:27:44 GMT+0530 (India Standard Time)
[debug] [2023-11-22T12:57:44.969Z] ----------------------------------------------------------------------
[debug] 
[debug] [2023-11-22T12:57:44.978Z] > command requires scopes: ["email","openid","https://www.googleapis.com/auth/cloudplatformprojects.readonly","https://www.googleapis.com/auth/firebase","https://www.googleapis.com/auth/cloud-platform"]
[debug] [2023-11-22T12:57:44.979Z] > authorizing via signed-in user (astitva.arora10@gmail.com)
[info] Create your ANDROID app in project chatapp-a362e:
[debug] [2023-11-22T12:57:44.983Z] >>> [apiv2][query] POST https://firebase.googleapis.com/v1beta1/projects/chatapp-a362e/androidApps [none]
[debug] [2023-11-22T12:57:44.983Z] >>> [apiv2][body] POST https://firebase.googleapis.com/v1beta1/projects/chatapp-a362e/androidApps {"displayName":"chatapp (android)","packageName":"com.example.chatapp"}
[debug] [2023-11-22T12:57:46.167Z] <<< [apiv2][status] POST https://firebase.googleapis.com/v1beta1/projects/chatapp-a362e/androidApps 409
[debug] [2023-11-22T12:57:46.167Z] <<< [apiv2][body] POST https://firebase.googleapis.com/v1beta1/projects/chatapp-a362e/androidApps {"error":{"code":409,"message":"Requested entity already exists","status":"ALREADY_EXISTS"}}
[debug] [2023-11-22T12:57:46.169Z] HTTP Error: 409, Requested entity already exists
[debug] [2023-11-22T12:57:46.348Z] FirebaseError: HTTP Error: 409, Requested entity already exists
    at responseToError (C:\Users\astit\AppData\Roaming\npm\node_modules\firebase-tools\lib\responseToError.js:49:12)
    at RetryOperation._fn (C:\Users\astit\AppData\Roaming\npm\node_modules\firebase-tools\lib\apiv2.js:285:77)
    at process.processTicksAndRejections (node:internal/process/task_queues:95:5)
[error] 
[error] Error: Failed to create Android app for project chatapp-a362e. See firebase-debug.log for more info.
